<?xml version="1.0" encoding="UTF-8"?>
<!-- Generated by org.testng.reporters.JUnitXMLReporter -->
<testsuite hostname="W-JMALLE" ignored="0" name="Login with email and password" tests="2" failures="0" timestamp="2020-10-07T15:47:44 CEST" time="42.495" errors="0">
  <testcase name="basePageNavigation" time="10.957" classname="Academy.E2EProject.HomePage"/>
  <testcase name="basePageNavigation" time="5.158" classname="Academy.E2EProject.HomePage"/>
</testsuite> <!-- Login with email and password -->
