<?xml version="1.0" encoding="UTF-8"?>
<!-- Generated by org.testng.reporters.JUnitXMLReporter -->
<testsuite hostname="W-JMALLE" ignored="0" name="Test" tests="4" failures="0" timestamp="2020-10-01T19:56:56 CEST" time="96.886" errors="0">
  <testcase name="basePageNavigation" time="5.576" classname="Academy.E2EProject.HomePage"/>
  <testcase name="basePageNavigation" time="4.623" classname="Academy.E2EProject.HomePage"/>
  <testcase name="basePageNavigation" time="0.155" classname="Academy.E2EProject.ValidateNavBar"/>
  <testcase name="basePageNavigation" time="0.324" classname="Academy.E2EProject.ValidateTitle"/>
</testsuite> <!-- Test -->
