<?xml version="1.0" encoding="UTF-8"?>
<!-- Generated by org.testng.reporters.JUnitXMLReporter -->
<testsuite hostname="W-JMALLE" ignored="0" name="Validating Title in the Page" tests="1" failures="1" timestamp="2020-10-07T15:47:30 CEST" time="28.556" errors="0">
  <testcase name="validatePageTitle" time="0.549" classname="Academy.E2EProject.ValidateTitle">
    <failure type="java.lang.AssertionError" message="expected [FEATURED 123 COURSES] but found [FEATURED COURSES]">
      <![CDATA[java.lang.AssertionError: expected [FEATURED 123 COURSES] but found [FEATURED COURSES]
at Academy.E2EProject.ValidateTitle.validatePageTitle(ValidateTitle.java:33)
at java.util.ArrayList.forEach(Unknown Source)
at java.util.concurrent.FutureTask.run(Unknown Source)
at java.util.concurrent.ThreadPoolExecutor.runWorker(Unknown Source)
at java.util.concurrent.ThreadPoolExecutor$Worker.run(Unknown Source)
at java.lang.Thread.run(Unknown Source)
... Removed 24 stack frames]]>
    </failure>
  </testcase> <!-- validatePageTitle -->
</testsuite> <!-- Validating Title in the Page -->
