<?xml version="1.0" encoding="UTF-8"?>
<testsuite xmlns:xsi="http://www.w3.org/2001/XMLSchema-instance" xsi:noNamespaceSchemaLocation="https://maven.apache.org/surefire/maven-surefire-plugin/xsd/surefire-test-report-3.0.xsd" version="3.0" name="TestSuite" time="47.918" tests="2" errors="0" skipped="0" failures="0">
  <properties>
[...]
</properties>
  <testcase name="runScenario[&quot;Positiv Test Validation Login&quot;, &quot;Optional[Login into Application]&quot;](1)" classname="CucumberOptions.TestRunner" time="23.515">
    <system-out><![CDATA[chrome
Test complet secssufelly
]]></system-out>
    <system-err><![CDATA[Starting ChromeDriver 80.0.3987.16 (320f6526c1632ad4f205ebce69b99a062ed78647-refs/branch-heads/3987@{#185}) on port 48294
Only local connections are allowed.
Please protect ports used by ChromeDriver and related test frameworks to prevent access by malicious code.
oct. 11, 2020 1:39:56 PM org.openqa.selenium.remote.ProtocolHandshake createSession
INFOS: Detected dialect: W3C
[1602416398.805][SEVERE]: Timed out receiving message from renderer: 0.100
[1602416398.908][SEVERE]: Timed out receiving message from renderer: 0.100
[1602416399.015][SEVERE]: Timed out receiving message from renderer: 0.100
[1602416399.184][SEVERE]: Timed out receiving message from renderer: 0.100
[1602416399.288][SEVERE]: Timed out receiving message from renderer: 0.100
[1602416399.391][SEVERE]: Timed out receiving message from renderer: 0.100
[1602416399.493][SEVERE]: Timed out receiving message from renderer: 0.100
[1602416399.598][SEVERE]: Timed out receiving message from renderer: 0.100
[1602416399.849][SEVERE]: Timed out receiving message from renderer: 0.100
[1602416399.950][SEVERE]: Timed out receiving message from renderer: 0.100
[1602416400.073][SEVERE]: Timed out receiving message from renderer: 0.100
[1602416401.419][SEVERE]: Timed out receiving message from renderer: 0.100
[1602416401.995][SEVERE]: Timed out receiving message from renderer: 0.100
[1602416402.374][SEVERE]: Timed out receiving message from renderer: 0.100
[1602416412.637][SEVERE]: Timed out receiving message from renderer: 0.100
[1602416412.740][SEVERE]: Timed out receiving message from renderer: 0.100
[1602416412.843][SEVERE]: Timed out receiving message from renderer: 0.100
[1602416412.944][SEVERE]: Timed out receiving message from renderer: 0.100
[1602416413.046][SEVERE]: Timed out receiving message from renderer: 0.100
[1602416413.262][SEVERE]: Timed out receiving message from renderer: 0.100
]]></system-err>
  </testcase>
  <testcase name="runScenario[&quot;Positiv Test Validation Login&quot;, &quot;Optional[Login into Application]&quot;](2)" classname="CucumberOptions.TestRunner" time="21.978">
    <system-out><![CDATA[chrome
Test complet secssufelly
]]></system-out>
    <system-err><![CDATA[Starting ChromeDriver 80.0.3987.16 (320f6526c1632ad4f205ebce69b99a062ed78647-refs/branch-heads/3987@{#185}) on port 20565
Only local connections are allowed.
Please protect ports used by ChromeDriver and related test frameworks to prevent access by malicious code.
oct. 11, 2020 1:40:19 PM org.openqa.selenium.remote.ProtocolHandshake createSession
INFOS: Detected dialect: W3C
[1602416420.777][SEVERE]: Timed out receiving message from renderer: 0.100
[1602416420.878][SEVERE]: Timed out receiving message from renderer: 0.100
[1602416421.015][SEVERE]: Timed out receiving message from renderer: 0.100
[1602416421.116][SEVERE]: Timed out receiving message from renderer: 0.100
[1602416421.218][SEVERE]: Timed out receiving message from renderer: 0.100
[1602416421.319][SEVERE]: Timed out receiving message from renderer: 0.100
[1602416421.422][SEVERE]: Timed out receiving message from renderer: 0.100
[1602416421.546][SEVERE]: Timed out receiving message from renderer: 0.100
[1602416421.661][SEVERE]: Timed out receiving message from renderer: 0.100
[1602416421.951][SEVERE]: Timed out receiving message from renderer: 0.100
[1602416422.062][SEVERE]: Timed out receiving message from renderer: 0.100
[1602416422.184][SEVERE]: Timed out receiving message from renderer: 0.100
[1602416422.291][SEVERE]: Timed out receiving message from renderer: 0.100
[1602416422.394][SEVERE]: Timed out receiving message from renderer: 0.100
[1602416422.495][SEVERE]: Timed out receiving message from renderer: 0.100
[1602416422.600][SEVERE]: Timed out receiving message from renderer: 0.100
[1602416422.702][SEVERE]: Timed out receiving message from renderer: 0.100
[1602416424.167][SEVERE]: Timed out receiving message from renderer: 0.100
[1602416424.361][SEVERE]: Timed out receiving message from renderer: 0.100
[1602416424.513][SEVERE]: Timed out receiving message from renderer: 0.100
[1602416424.629][SEVERE]: Timed out receiving message from renderer: 0.100
[1602416424.775][SEVERE]: Timed out receiving message from renderer: 0.100
[1602416434.508][SEVERE]: Timed out receiving message from renderer: 0.100
[1602416434.611][SEVERE]: Timed out receiving message from renderer: 0.100
[1602416434.713][SEVERE]: Timed out receiving message from renderer: 0.100
[1602416434.814][SEVERE]: Timed out receiving message from renderer: 0.100
[1602416434.916][SEVERE]: Timed out receiving message from renderer: 0.100
[1602416435.165][SEVERE]: Timed out receiving message from renderer: 0.100
]]></system-err>
  </testcase>
</testsuite>