<?xml version="1.0" encoding="UTF-8"?>
<testng-results skipped="0" failed="0" ignored="0" total="2" passed="2">
  <reporter-output>
  </reporter-output>
  <suite name="Suite" duration-ms="47504" started-at="2020-10-11T13:32:06 CEST" finished-at="2020-10-11T13:32:54 CEST">
    <groups>
      <group name="cucumber">
        <method signature="AbstractTestNGCucumberTests.runScenario(io.cucumber.testng.PickleWrapper, io.cucumber.testng.FeatureWrapper)[pri:0, instance:CucumberOptions.TestRunner@2b4a2ec7]" name="runScenario" class="io.cucumber.testng.AbstractTestNGCucumberTests"/>
      </group> <!-- cucumber -->
    </groups>
    <test name="Cucumber Tests" duration-ms="47504" started-at="2020-10-11T13:32:06 CEST" finished-at="2020-10-11T13:32:54 CEST">
      <class name="CucumberOptions.TestRunner">
        <test-method status="PASS" signature="setUpClass()[pri:0, instance:CucumberOptions.TestRunner@2b4a2ec7]" name="setUpClass" is-config="true" duration-ms="378" started-at="2020-10-11T13:32:06 CEST" finished-at="2020-10-11T13:32:06 CEST">
          <reporter-output>
          </reporter-output>
        </test-method> <!-- setUpClass -->
        <test-method status="PASS" signature="runScenario(io.cucumber.testng.PickleWrapper, io.cucumber.testng.FeatureWrapper)[pri:0, instance:CucumberOptions.TestRunner@2b4a2ec7]" name="runScenario" duration-ms="25092" started-at="2020-10-11T13:32:06 CEST" description="Runs Cucumber Scenarios" data-provider="scenarios" finished-at="2020-10-11T13:32:32 CEST">
          <params>
            <param index="0">
              <value>
                <![CDATA["Positiv Test Validation Login"]]>
              </value>
            </param>
            <param index="1">
              <value>
                <![CDATA["Optional[Login into Application]"]]>
              </value>
            </param>
          </params>
          <reporter-output>
          </reporter-output>
        </test-method> <!-- runScenario -->
        <test-method status="PASS" signature="runScenario(io.cucumber.testng.PickleWrapper, io.cucumber.testng.FeatureWrapper)[pri:0, instance:CucumberOptions.TestRunner@2b4a2ec7]" name="runScenario" duration-ms="21964" started-at="2020-10-11T13:32:32 CEST" description="Runs Cucumber Scenarios" data-provider="scenarios" finished-at="2020-10-11T13:32:53 CEST">
          <params>
            <param index="0">
              <value>
                <![CDATA["Positiv Test Validation Login"]]>
              </value>
            </param>
            <param index="1">
              <value>
                <![CDATA["Optional[Login into Application]"]]>
              </value>
            </param>
          </params>
          <reporter-output>
          </reporter-output>
        </test-method> <!-- runScenario -->
        <test-method status="PASS" signature="tearDownClass()[pri:0, instance:CucumberOptions.TestRunner@2b4a2ec7]" name="tearDownClass" is-config="true" duration-ms="18" started-at="2020-10-11T13:32:53 CEST" finished-at="2020-10-11T13:32:54 CEST">
          <reporter-output>
          </reporter-output>
        </test-method> <!-- tearDownClass -->
      </class> <!-- CucumberOptions.TestRunner -->
    </test> <!-- Cucumber Tests -->
  </suite> <!-- Suite -->
</testng-results>
